<?xml version="1.0" encoding="UTF-8"?>
<testsuite xmlns:xsi="http://www.w3.org/2001/XMLSchema-instance" xsi:noNamespaceSchemaLocation="https://maven.apache.org/surefire/maven-surefire-plugin/xsd/surefire-test-report.xsd" name="org.pricetrackerbatchapp.AppTest" time="29.212" tests="7" errors="0" skipped="0" failures="0">
  <properties>
[...]
</properties>
  <testcase name="sendEmailTest" classname="org.pricetrackerbatchapp.AppTest" time="1.734"/>
  <testcase name="testFreeMakerTemplate" classname="org.pricetrackerbatchapp.AppTest" time="0.008"/>
  <testcase name="astraDbAllDataTest" classname="org.pricetrackerbatchapp.AppTest" time="0.582"/>
  <testcase name="productIdRegexTests" classname="org.pricetrackerbatchapp.AppTest" time="0.001"/>
  <testcase name="axessoProductApiTest" classname="org.pricetrackerbatchapp.AppTest" time="7.549"/>
  <testcase name="doBatchTest" classname="org.pricetrackerbatchapp.AppTest" time="19.298"/>
  <testcase name="astraDbConnectionTest" classname="org.pricetrackerbatchapp.AppTest" time="0.002"/>
</testsuite>